{"logTime": "0909/193228", "correlationVector":"+cV3mQ1zVnY0/fQ2tD8rd6.1","action":"SyncServerConnectionManagerRequest", "result":"SYNC_SERVER_OK", "context":{"environment":"Prod_EastUS2_000e", "migrationStage":"NotStarted", "server":"GENERAL0100001I"}}
{"logTime": "0909/193229", "correlationVector":"yhLSvK6U7pg5yib4wCyNrE","action":"SyncServerConnectionManagerRequest", "result":"SYNC_SERVER_OK", "context":{"environment":"", "migrationStage":"", "server":""}}
{"logTime": "0909/193229", "correlationVector":"+cV3mQ1zVnY0/fQ2tD8rd6","action":"Initial GetUpdates", "result":"", "context":Reason: NEW_CLIENT. cV=+cV3mQ1zVnY0/fQ2tD8rd6}
{"logTime": "0909/193229", "correlationVector":"+cV3mQ1zVnY0/fQ2tD8rd6.2","action":"GetUpdates Response", "result":"Success", "context":Received 1 update(s). cV=+cV3mQ1zVnY0/fQ2tD8rd6.0;server=GENERAL0100001I;cloudType=Consumer;environment=Prod_EastUS2_000e;migrationStage=NotStarted}
{"logTime": "0909/193229", "correlationVector":"VnStI43yX/VtmfpOS2tc+f","action":"Initial GetUpdates", "result":"", "context":Reason: NEWLY_SUPPORTED_DATATYPE. cV=VnStI43yX/VtmfpOS2tc+f}
{"logTime": "0909/193232", "correlationVector":"VnStI43yX/VtmfpOS2tc+f.1","action":"SyncServerConnectionManagerRequest", "result":"SYNC_SERVER_OK", "context":{"environment":"Prod_EastUS2_000e", "migrationStage":"NotStarted", "server":"GENERAL0100000A"}}
{"logTime": "0909/193232", "correlationVector":"VnStI43yX/VtmfpOS2tc+f.2","action":"GetUpdates", "result":"DeleteReceived", "context":{"id":"6636492e-1ce0-4bd6-913f-ea28528860eb", "isDeleted:":"true", "version":"1709583593273"}}
{"logTime": "0909/193232", "correlationVector":"VnStI43yX/VtmfpOS2tc+f.3","action":"GetUpdates", "result":"DeleteReceived", "context":{"id":"b5503ab0-8f2a-4800-a366-d3afe230ce0e", "isDeleted:":"true", "version":"1709641161003"}}
{"logTime": "0909/193232", "correlationVector":"VnStI43yX/VtmfpOS2tc+f.4","action":"GetUpdates", "result":"DeleteReceived", "context":{"id":"d5860664-8b2b-482d-9a57-209e48aad626", "isDeleted:":"true", "version":"1709641168906"}}
{"logTime": "0909/193232", "correlationVector":"VnStI43yX/VtmfpOS2tc+f.5","action":"GetUpdates", "result":"DeleteReceived", "context":{"id":"c859d567-6016-4c2c-98a6-b2c120bfce52", "isDeleted:":"true", "version":"1709641238112"}}
{"logTime": "0909/193232", "correlationVector":"VnStI43yX/VtmfpOS2tc+f.6","action":"GetUpdates", "result":"DeleteReceived", "context":{"id":"ab44b040-09a0-4b75-986f-14da17f65590", "isDeleted:":"true", "version":"1709641264591"}}
{"logTime": "0909/193232", "correlationVector":"VnStI43yX/VtmfpOS2tc+f.7","action":"GetUpdates", "result":"DeleteReceived", "context":{"id":"eb2abd29-e531-4235-8aca-8deb7c624edc", "isDeleted:":"true", "version":"1709641271242"}}
{"logTime": "0909/193232", "correlationVector":"VnStI43yX/VtmfpOS2tc+f.8","action":"GetUpdates", "result":"DeleteReceived", "context":{"id":"fa0e330d-ea8d-485c-b062-5e9d63b80488", "isDeleted:":"true", "version":"1709641273814"}}
{"logTime": "0909/193232", "correlationVector":"VnStI43yX/VtmfpOS2tc+f.9","action":"GetUpdates", "result":"DeleteReceived", "context":{"id":"df82dc4b-ee55-433e-9642-89a2d514287a", "isDeleted:":"true", "version":"1709641281506"}}
{"logTime": "0909/193232", "correlationVector":"VnStI43yX/VtmfpOS2tc+f.10","action":"GetUpdates", "result":"DeleteReceived", "context":{"id":"942736e2-d0fd-4bd7-ad3f-4a48c08f3059", "isDeleted:":"true", "version":"1709641286009"}}
{"logTime": "0909/193232", "correlationVector":"VnStI43yX/VtmfpOS2tc+f.11","action":"GetUpdates", "result":"DeleteReceived", "context":{"id":"16f90679-46bd-44df-84cc-9aef3f15b649", "isDeleted:":"true", "version":"1710694890388"}}
{"logTime": "0909/193232", "correlationVector":"VnStI43yX/VtmfpOS2tc+f.12","action":"GetUpdates", "result":"DeleteReceived", "context":{"id":"a951d42b-2cd0-4829-acd1-9c6c6ef2ebd3", "isDeleted:":"true", "version":"1724962503442"}}
{"logTime": "0909/193232", "correlationVector":"VnStI43yX/VtmfpOS2tc+f.13","action":"GetUpdates Response", "result":"Success", "context":Received 246 update(s). cV=VnStI43yX/VtmfpOS2tc+f.0;server=GENERAL0100000A;cloudType=Consumer;environment=Prod_EastUS2_000e;migrationStage=NotStarted}
{"logTime": "0909/193232", "correlationVector":"izD9SSkDMUoRhA8ZFF4hIU","action":"Initial GetUpdates", "result":"", "context":Reason: NEWLY_SUPPORTED_DATATYPE. cV=izD9SSkDMUoRhA8ZFF4hIU}
{"logTime": "0909/193232", "correlationVector":"izD9SSkDMUoRhA8ZFF4hIU.1","action":"SyncServerConnectionManagerRequest", "result":"SYNC_SERVER_OK", "context":{"environment":"Prod_EastUS2_000e", "migrationStage":"NotStarted", "server":"GENERAL0100000H"}}
{"logTime": "0909/193232", "correlationVector":"izD9SSkDMUoRhA8ZFF4hIU.2","action":"GetUpdates", "result":"DeleteReceived", "context":{"id":"7803e211-0882-4072-a4ab-2ec5bf99fe60", "isDeleted:":"true", "version":"1695766209438"}}
{"logTime": "0909/193232", "correlationVector":"izD9SSkDMUoRhA8ZFF4hIU.3","action":"GetUpdates", "result":"DeleteReceived", "context":{"id":"b7f015f3-ff69-4635-a23a-e210cc2f9d06", "isDeleted:":"true", "version":"1695766213010"}}
{"logTime": "0909/193232", "correlationVector":"izD9SSkDMUoRhA8ZFF4hIU.4","action":"GetUpdates", "result":"DeleteReceived", "context":{"id":"e8804fbb-8726-466a-a297-176e6cd955c3", "isDeleted:":"true", "version":"1697900396691"}}
{"logTime": "0909/193232", "correlationVector":"izD9SSkDMUoRhA8ZFF4hIU.5","action":"GetUpdates", "result":"DeleteReceived", "context":{"id":"d246ece0-4176-49eb-ba58-3f9920ae1dfb", "isDeleted:":"true", "version":"1698519128544"}}
{"logTime": "0909/193232", "correlationVector":"izD9SSkDMUoRhA8ZFF4hIU.6","action":"GetUpdates", "result":"DeleteReceived", "context":{"id":"16116c12-535d-4c11-aef6-90453d52fea1", "isDeleted:":"true", "version":"1698519131622"}}
{"logTime": "0909/193232", "correlationVector":"izD9SSkDMUoRhA8ZFF4hIU.7","action":"GetUpdates", "result":"DeleteReceived", "context":{"id":"6f5064bc-c300-4b95-a083-5f01452ac8e7", "isDeleted:":"true", "version":"1698519131623"}}
{"logTime": "0909/193232", "correlationVector":"izD9SSkDMUoRhA8ZFF4hIU.8","action":"GetUpdates", "result":"DeleteReceived", "context":{"id":"3410ead6-dfc2-409e-b1e2-65b55151dabe", "isDeleted:":"true", "version":"1698519139843"}}
{"logTime": "0909/193232", "correlationVector":"izD9SSkDMUoRhA8ZFF4hIU.9","action":"GetUpdates", "result":"DeleteReceived", "context":{"id":"0f2aa711-938e-4374-b84f-936210b34fe1", "isDeleted:":"true", "version":"1698519139844"}}
{"logTime": "0909/193232", "correlationVector":"izD9SSkDMUoRhA8ZFF4hIU.10","action":"GetUpdates", "result":"DeleteReceived", "context":{"id":"2103528c-67bf-4f4b-847b-9595d1b1c39b", "isDeleted:":"true", "version":"1698519139845"}}
{"logTime": "0909/193232", "correlationVector":"izD9SSkDMUoRhA8ZFF4hIU.11","action":"GetUpdates", "result":"DeleteReceived", "context":{"id":"c9304f95-76f8-428f-b1a0-56aac620cb07", "isDeleted:":"true", "version":"1698519139846"}}
{"logTime": "0909/193232", "correlationVector":"izD9SSkDMUoRhA8ZFF4hIU.12","action":"GetUpdates", "result":"DeleteReceived", "context":{"id":"237b3c36-1aa9-43d7-a042-a31379276303", "isDeleted:":"true", "version":"1698519139847"}}
{"logTime": "0909/193232", "correlationVector":"izD9SSkDMUoRhA8ZFF4hIU.13","action":"GetUpdates", "result":"DeleteReceived", "context":{"id":"dc0bfcd3-db42-43e9-9b78-8b421a7cd34c", "isDeleted:":"true", "version":"1698519139848"}}
{"logTime": "0909/193232", "correlationVector":"izD9SSkDMUoRhA8ZFF4hIU.14","action":"GetUpdates", "result":"DeleteReceived", "context":{"id":"218053ee-be94-4f7f-975f-9d8dc2e7aabe", "isDeleted:":"true", "version":"1698519139849"}}
{"logTime": "0909/193232", "correlationVector":"izD9SSkDMUoRhA8ZFF4hIU.15","action":"GetUpdates", "result":"DeleteReceived", "context":{"id":"303903d8-4c06-42aa-a501-ecc77520989c", "isDeleted:":"true", "version":"1698519142787"}}
{"logTime": "0909/193232", "correlationVector":"izD9SSkDMUoRhA8ZFF4hIU.16","action":"GetUpdates", "result":"DeleteReceived", "context":{"id":"cff0e4b3-b2c1-44c4-a38b-d7d246d57390", "isDeleted:":"true", "version":"1698519247169"}}
{"logTime": "0909/193232", "correlationVector":"izD9SSkDMUoRhA8ZFF4hIU.17","action":"GetUpdates", "result":"DeleteReceived", "context":{"id":"1e4b19ba-a752-49d9-9f34-32be9a6dfc52", "isDeleted:":"true", "version":"1698877384677"}}
{"logTime": "0909/193232", "correlationVector":"izD9SSkDMUoRhA8ZFF4hIU.18","action":"GetUpdates", "result":"DeleteReceived", "context":{"id":"3f79734a-f28e-4594-9f62-a53f25892ece", "isDeleted:":"true", "version":"1704254040021"}}
{"logTime": "0909/193232", "correlationVector":"izD9SSkDMUoRhA8ZFF4hIU.19","action":"GetUpdates", "result":"DeleteReceived", "context":{"id":"ee9cb895-9963-462a-94ca-b2f07c24e828", "isDeleted:":"true", "version":"1708802473385"}}
{"logTime": "0909/193232", "correlationVector":"izD9SSkDMUoRhA8ZFF4hIU.20","action":"GetUpdates", "result":"DeleteReceived", "context":{"id":"9ce40b84-23ef-4360-9a34-870e852e17f3", "isDeleted:":"true", "version":"1708802496854"}}
{"logTime": "0909/193232", "correlationVector":"izD9SSkDMUoRhA8ZFF4hIU.21","action":"GetUpdates", "result":"DeleteReceived", "context":{"id":"577b2b61-3e6b-474b-a958-eb54a1f1e6a5", "isDeleted:":"true", "version":"1708802506149"}}
{"logTime": "0909/193232", "correlationVector":"izD9SSkDMUoRhA8ZFF4hIU.22","action":"GetUpdates", "result":"DeleteReceived", "context":{"id":"0e4730a9-d0eb-43a9-a805-9a7decf793fc", "isDeleted:":"true", "version":"1719520043033"}}
{"logTime": "0909/193232", "correlationVector":"izD9SSkDMUoRhA8ZFF4hIU.23","action":"GetUpdates", "result":"DeleteReceived", "context":{"id":"9a1c0577-8937-402c-94c9-81c86ca796c1", "isDeleted:":"true", "version":"1724454677904"}}
{"logTime": "0909/193232", "correlationVector":"izD9SSkDMUoRhA8ZFF4hIU.24","action":"GetUpdates Response", "result":"Success", "context":Received 42 update(s). cV=izD9SSkDMUoRhA8ZFF4hIU.0;server=GENERAL0100000H;cloudType=Consumer;environment=Prod_EastUS2_000e;migrationStage=NotStarted}
{"logTime": "0909/193232", "correlationVector":"hq9pOaCMkJ7v02eButSKWJ","action":"Initial GetUpdates", "result":"", "context":Reason: NEWLY_SUPPORTED_DATATYPE. cV=hq9pOaCMkJ7v02eButSKWJ}
{"logTime": "0909/193233", "correlationVector":"hq9pOaCMkJ7v02eButSKWJ.1","action":"SyncServerConnectionManagerRequest", "result":"SYNC_SERVER_OK", "context":{"environment":"Prod_EastUS2_000e", "migrationStage":"NotStarted", "server":"GENERAL0100000K"}}
{"logTime": "0909/193233", "correlationVector":"hq9pOaCMkJ7v02eButSKWJ.2","action":"GetUpdates", "result":"DeleteReceived", "context":{"id":"78251066-8e52-404a-928b-89cdd46c773d", "isDeleted:":"true", "version":"1719520045532"}}
{"logTime": "0909/193233", "correlationVector":"hq9pOaCMkJ7v02eButSKWJ.3","action":"GetUpdates", "result":"DeleteReceived", "context":{"id":"133d0d28-28e1-4f05-a2df-64459ad5100f", "isDeleted:":"true", "version":"1719520382949"}}
{"logTime": "0909/193233", "correlationVector":"hq9pOaCMkJ7v02eButSKWJ.4","action":"GetUpdates", "result":"DeleteReceived", "context":{"id":"bb41a4a1-d4e5-49cc-8cad-5fccf5efbdac", "isDeleted:":"true", "version":"1718848885804"}}
{"logTime": "0909/193233", "correlationVector":"hq9pOaCMkJ7v02eButSKWJ.5","action":"GetUpdates", "result":"DeleteReceived", "context":{"id":"9aa42605-ff72-4a16-a3bc-1b3d39cfb33c", "isDeleted:":"true", "version":"1719520045533"}}
{"logTime": "0909/193233", "correlationVector":"hq9pOaCMkJ7v02eButSKWJ.6","action":"GetUpdates Response", "result":"Success", "context":Received 250 update(s). cV=hq9pOaCMkJ7v02eButSKWJ.0;server=GENERAL0100000K;cloudType=Consumer;environment=Prod_EastUS2_000e;migrationStage=NotStarted Some updates remain.}
{"logTime": "0909/193233", "correlationVector":"nYwcGZZAdNVyejNDCZBiU3","action":"Initial GetUpdates", "result":"", "context":Reason: NEWLY_SUPPORTED_DATATYPE. cV=nYwcGZZAdNVyejNDCZBiU3}
{"logTime": "0909/193234", "correlationVector":"nYwcGZZAdNVyejNDCZBiU3.1","action":"SyncServerConnectionManagerRequest", "result":"SYNC_SERVER_OK", "context":{"environment":"Prod_EastUS2_000e", "migrationStage":"NotStarted", "server":"GENERAL01000001"}}
{"logTime": "0909/193234", "correlationVector":"nYwcGZZAdNVyejNDCZBiU3.2","action":"GetUpdates Response", "result":"Success", "context":Received 250 update(s). cV=nYwcGZZAdNVyejNDCZBiU3.0;server=GENERAL01000001;cloudType=Consumer;environment=Prod_EastUS2_000e;migrationStage=NotStarted Some updates remain.}
{"logTime": "0909/193234", "correlationVector":"CmYZw0cgEoD6GdHiB8QD9I","action":"Initial GetUpdates", "result":"", "context":Reason: NEWLY_SUPPORTED_DATATYPE. cV=CmYZw0cgEoD6GdHiB8QD9I}
{"logTime": "0909/193235", "correlationVector":"CmYZw0cgEoD6GdHiB8QD9I.1","action":"SyncServerConnectionManagerRequest", "result":"SYNC_SERVER_OK", "context":{"environment":"Prod_EastUS2_000e", "migrationStage":"NotStarted", "server":"GENERAL0100002R"}}
{"logTime": "0909/193235", "correlationVector":"CmYZw0cgEoD6GdHiB8QD9I.2","action":"GetUpdates", "result":"DeleteReceived", "context":{"id":"0e1ad40e-71bb-405a-b07d-5a4295dd81d5", "isDeleted:":"true", "version":"1724367545685"}}
{"logTime": "0909/193235", "correlationVector":"CmYZw0cgEoD6GdHiB8QD9I.3","action":"GetUpdates Response", "result":"Success", "context":Received 191 update(s). cV=CmYZw0cgEoD6GdHiB8QD9I.0;server=GENERAL0100002R;cloudType=Consumer;environment=Prod_EastUS2_000e;migrationStage=NotStarted}
{"logTime": "0909/193235", "correlationVector":"MISzkPBaE8D8iRAYfYMk4C","action":"Normal GetUpdate request", "result":"", "context":cV=MISzkPBaE8D8iRAYfYMk4C
Nudged types: Bookmarks, Device Info, User Consents
Refresh requested types: Bookmarks, Preferences, Passwords, Autofill Profiles, Autofill, Extensions, Extension settings, Device Info, User Consents, Send Tab To Self, Web Apps, Collection, Edge E Drop, Edge Hub App Usage, Edge Wallet, Encryption Keys}
{"logTime": "0909/193235", "correlationVector":"MISzkPBaE8D8iRAYfYMk4C.1","action":"SyncServerConnectionManagerRequest", "result":"SYNC_SERVER_OK", "context":{"environment":"Prod_EastUS2_000e", "migrationStage":"NotStarted", "server":"GENERAL0100002R"}}
{"logTime": "0909/193235", "correlationVector":"MISzkPBaE8D8iRAYfYMk4C.2","action":"GetUpdates Response", "result":"Success", "context":Received 0 update(s). cV=MISzkPBaE8D8iRAYfYMk4C.0;server=GENERAL0100002R;cloudType=Consumer;environment=Prod_EastUS2_000e;migrationStage=NotStarted}
{"logTime": "0909/193235", "correlationVector":"aLwB5U2Vf/CfaC6RZHuPCM","action":"Commit Request", "result":"", "context":Item count: 12
Contributing types: Bookmarks, Device Info, User Consents}
{"logTime": "0909/193236", "correlationVector":"aLwB5U2Vf/CfaC6RZHuPCM.1","action":"SyncServerConnectionManagerRequest", "result":"SYNC_SERVER_OK", "context":{"environment":"Prod_EastUS2_000e", "migrationStage":"NotStarted", "server":"GENERAL01000025"}}
{"logTime": "0909/193236", "correlationVector":"aLwB5U2Vf/CfaC6RZHuPCM.2","action":"Commit Response", "result":"Success", "context":Result: Success. cV=aLwB5U2Vf/CfaC6RZHuPCM.0;server=GENERAL01000025;cloudType=Consumer;environment=Prod_EastUS2_000e;migrationStage=NotStarted}
{"logTime": "0909/193236", "correlationVector":"kEmcpxxGOf80BXvs6BmaB5","action":"Normal GetUpdate request", "result":"", "context":cV=kEmcpxxGOf80BXvs6BmaB5
Nudged types: Device Info}
{"logTime": "0909/193237", "correlationVector":"kEmcpxxGOf80BXvs6BmaB5.1","action":"SyncServerConnectionManagerRequest", "result":"SYNC_SERVER_OK", "context":{"environment":"Prod_EastUS2_000e", "migrationStage":"NotStarted", "server":"GENERAL01000015"}}
{"logTime": "0909/193237", "correlationVector":"kEmcpxxGOf80BXvs6BmaB5.2","action":"GetUpdates Response", "result":"Success", "context":Received 10 update(s). cV=kEmcpxxGOf80BXvs6BmaB5.0;server=GENERAL01000015;cloudType=Consumer;environment=Prod_EastUS2_000e;migrationStage=NotStarted}
{"logTime": "0909/193237", "correlationVector":"6ezXWxulXBVaVUVGdg2RBG","action":"DoCompareDataConsistency: ", "result":"has local changes and skip compare"}
{"logTime": "0909/193237", "correlationVector":"odzAf1Z+dc4fduuGOGdcm3","action":"Commit Request", "result":"", "context":Item count: 6
Contributing types: Preferences, Passwords}
{"logTime": "0909/193238", "correlationVector":"odzAf1Z+dc4fduuGOGdcm3.1","action":"SyncServerConnectionManagerRequest", "result":"SYNC_SERVER_OK", "context":{"environment":"Prod_EastUS2_000e", "migrationStage":"NotStarted", "server":"GENERAL0100002U"}}
{"logTime": "0909/193238", "correlationVector":"odzAf1Z+dc4fduuGOGdcm3.2","action":"Commit Response", "result":"Success", "context":Result: Success. cV=odzAf1Z+dc4fduuGOGdcm3.0;server=GENERAL0100002U;cloudType=Consumer;environment=Prod_EastUS2_000e;migrationStage=NotStarted}
{"logTime": "0909/193414", "correlationVector":"Gty75evtWnpH3rYvZCKEPq","action":"Normal GetUpdate request", "result":"", "context":cV=Gty75evtWnpH3rYvZCKEPq
Notified types: Extension settings}
{"logTime": "0909/193414", "correlationVector":"Gty75evtWnpH3rYvZCKEPq.1","action":"SyncServerConnectionManagerRequest", "result":"SYNC_SERVER_OK", "context":{"environment":"Prod_EastUS2_000e", "migrationStage":"NotStarted", "server":"GENERAL0100001H"}}
{"logTime": "0909/193414", "correlationVector":"Gty75evtWnpH3rYvZCKEPq.2","action":"GetUpdates Response", "result":"Success", "context":Received 7 update(s). cV=Gty75evtWnpH3rYvZCKEPq.0;server=GENERAL0100001H;cloudType=Consumer;environment=Prod_EastUS2_000e;migrationStage=NotStarted}
{"logTime": "0909/193724", "correlationVector":"xjfy8ZBfXpsWfcE3cuEn/T","action":"Normal GetUpdate request", "result":"", "context":cV=xjfy8ZBfXpsWfcE3cuEn/T
Refresh requested types: Bookmarks, Preferences, Passwords, Autofill Profiles, Autofill, Extensions, Extension settings, Device Info, User Consents, Send Tab To Self, Web Apps, Collection, Edge E Drop, Edge Hub App Usage, Edge Wallet, Encryption Keys}
{"logTime": "0909/193725", "correlationVector":"xjfy8ZBfXpsWfcE3cuEn/T.1","action":"SyncServerConnectionManagerRequest", "result":"SYNC_SERVER_OK", "context":{"environment":"Prod_EastUS2_000e", "migrationStage":"NotStarted", "server":"GENERAL0100001W"}}
{"logTime": "0909/193725", "correlationVector":"xjfy8ZBfXpsWfcE3cuEn/T.2","action":"GetUpdates Response", "result":"Success", "context":Received 0 update(s). cV=xjfy8ZBfXpsWfcE3cuEn/T.0;server=GENERAL0100001W;cloudType=Consumer;environment=Prod_EastUS2_000e;migrationStage=NotStarted}
